<html>
<body>
<pre>
<h1>µVision Build Log</h1>
<h2>Tool Versions:</h2>
IDE-Version: ¦ÌVision V5.23.0.0
Copyright (C) 2017 ARM Ltd and ARM Germany GmbH. All rights reserved.
License Information: 4122 Administrator, 4122, LIC=Q7GNN-YCEWY-XBGEC-7RE2C-BHKE2-A48LE
 
Tool Versions:
Toolchain:       MDK-ARM Professional  Version: 5.23
Toolchain Path:  C:\Keil_v5\ARM\ARMCC\Bin
C Compiler:      Armcc.exe V5.06 update 4 (build 422)
Assembler:       Armasm.exe V5.06 update 4 (build 422)
Linker/Locator:  ArmLink.exe V5.06 update 4 (build 422)
Library Manager: ArmAr.exe V5.06 update 4 (build 422)
Hex Converter:   FromElf.exe V5.06 update 4 (build 422)
CPU DLL:         SARMCM3.DLL V5.23
Dialog DLL:      DCM.DLL V1.15.0.0
Target DLL:      STLink\ST-LINKIII-KEIL_SWO.dll V2.0.18.0
Dialog DLL:      TCM.DLL V1.27.0.0
 
<h2>Project:</h2>
F:\TEST\USER\Template.uvprojx
Project File Date:  09/03/2017

<h2>Output:</h2>
*** Using Compiler 'V5.06 update 4 (build 422)', folder: 'C:\Keil_v5\ARM\ARMCC\Bin'
Build target 'Template'
compiling stm32f4xx_it.c...
compiling system_stm32f4xx.c...
compiling main.c...
main.c(169): warning:  #177-D: variable "cpu_sr"  was declared but never referenced
      CPU_SR_ALLOC();
main.c(189): warning:  #177-D: variable "cpu_sr"  was declared but never referenced
      CPU_SR_ALLOC();
main.c: 2 warnings, 0 errors
compiling dmp.c...
..\HARDWARE\MPU9250\IOI2C.h(3): error:  #5: cannot open source input file "stm32l0xx_hal.h": No such file or directory
  #include "stm32l0xx_hal.h"
..\HARDWARE\MPU9250\dmp.c: 0 warnings, 1 error
compiling IOI2C.c...
..\HARDWARE\MPU9250\IOI2C.h(3): error:  #5: cannot open source input file "stm32l0xx_hal.h": No such file or directory
  #include "stm32l0xx_hal.h"
..\HARDWARE\MPU9250\IOI2C.c: 0 warnings, 1 error
compiling led.c...
compiling key.c...
compiling misc.c...
compiling stm32f4xx_gpio.c...
compiling stm32f4xx_rcc.c...
compiling stm32f4xx_syscfg.c...
compiling stm32f4xx_usart.c...
compiling delay.c...
compiling sys.c...
compiling cpu_c.c...
compiling cpu_core.c...
compiling lib_ascii.c...
compiling usart.c...
compiling bsp.c...
compiling lib_math.c...
compiling lib_mem.c...
compiling os_cfg_app.c...
compiling lib_str.c...
compiling os_dbg.c...
compiling os_core.c...
compiling os_flag.c...
compiling os_int.c...
compiling os_mem.c...
compiling os_msg.c...
compiling os_pend_multi.c...
compiling os_mutex.c...
compiling os_prio.c...
compiling os_q.c...
compiling os_sem.c...
compiling os_stat.c...
compiling os_tick.c...
compiling os_time.c...
compiling os_task.c...
compiling os_tmr.c...
compiling os_app_hooks.c...
compiling os_var.c...
compiling os_cpu_c.c...
"..\OBJ\Template.axf" - 2 Error(s), 2 Warning(s).

<h2>Collection of Component include folders:</h2>
  .\RTE\_Template
  C:\Keil_v5\ARM\PACK\Keil\STM32F4xx_DFP\2.11.0\Drivers\CMSIS\Device\ST\STM32F4xx\Include

<h2>Collection of Component Files used:</h2>
Target not created.
Build Time Elapsed:  00:00:12
</pre>
</body>
</html>
